0 info it worked if it ends with ok
1 verbose cli [ 'C:\\Program Files\\nodejs\\\\node.exe',
1 verbose cli   'C:\\Program Files\\nodejs\\node_modules\\npm\\bin\\npm-cli.js',
1 verbose cli   'install' ]
2 info using npm@1.4.28
3 info using node@v0.10.36
4 verbose node symlink C:\Program Files\nodejs\\node.exe
5 warn package.json proj1@1.0.0 No repository field.
6 warn package.json proj1@1.0.0 No README data
7 verbose readDependencies using package.json deps
8 verbose install where, deps [ 'C:\\Users\\Rick\\CS454 NodeJS Class\\project',
8 verbose install   [ 'express', 'ngResource' ] ]
9 info preinstall proj1@1.0.0
10 verbose readDependencies using package.json deps
11 verbose already installed skipping express@* C:\Users\Rick\CS454 NodeJS Class\project
12 verbose cache add [ 'ngResource@*', null ]
13 verbose cache add name=undefined spec="ngResource@*" args=["ngResource@*",null]
14 verbose parsed url { protocol: null,
14 verbose parsed url   slashes: null,
14 verbose parsed url   auth: null,
14 verbose parsed url   host: null,
14 verbose parsed url   port: null,
14 verbose parsed url   hostname: null,
14 verbose parsed url   hash: null,
14 verbose parsed url   search: null,
14 verbose parsed url   query: null,
14 verbose parsed url   pathname: 'ngResource@*',
14 verbose parsed url   path: 'ngResource@*',
14 verbose parsed url   href: 'ngResource@*' }
15 verbose cache add name="ngResource" spec="*" args=["ngResource","*"]
16 verbose parsed url { protocol: null,
16 verbose parsed url   slashes: null,
16 verbose parsed url   auth: null,
16 verbose parsed url   host: null,
16 verbose parsed url   port: null,
16 verbose parsed url   hostname: null,
16 verbose parsed url   hash: null,
16 verbose parsed url   search: null,
16 verbose parsed url   query: null,
16 verbose parsed url   pathname: '*',
16 verbose parsed url   path: '*',
16 verbose parsed url   href: '*' }
17 verbose addNamed [ 'ngResource', '*' ]
18 verbose addNamed [ null, '*' ]
19 silly lockFile 845db40e-ngResource ngResource@*
20 verbose lock ngResource@* C:\Users\Rick\AppData\Roaming\npm-cache\845db40e-ngResource.lock
21 silly addNameRange { name: 'ngResource', range: '*', hasData: false }
22 verbose request where is /ngResource
23 verbose request registry https://registry.npmjs.org/
24 verbose request id 228b23e45e3b5c10
25 verbose url raw /ngResource
26 verbose url resolving [ 'https://registry.npmjs.org/', './ngResource' ]
27 verbose url resolved https://registry.npmjs.org/ngResource
28 verbose request where is https://registry.npmjs.org/ngResource
29 info trying registry request attempt 1 at 16:56:35
30 http GET https://registry.npmjs.org/ngResource
31 http 404 https://registry.npmjs.org/ngResource
32 silly registry.get cb [ 404,
32 silly registry.get   { 'content-type': 'application/json',
32 silly registry.get     'cache-control': 'max-age=0',
32 silly registry.get     'content-length': '2',
32 silly registry.get     'accept-ranges': 'bytes',
32 silly registry.get     date: 'Fri, 13 Nov 2015 00:56:21 GMT',
32 silly registry.get     via: '1.1 varnish',
32 silly registry.get     age: '0',
32 silly registry.get     connection: 'keep-alive',
32 silly registry.get     'x-served-by': 'cache-lax1422-LAX',
32 silly registry.get     'x-cache': 'MISS',
32 silly registry.get     'x-cache-hits': '0',
32 silly registry.get     'x-timer': 'S1447376180.994275,VS0,VE93' } ]
33 silly lockFile 845db40e-ngResource ngResource@*
34 silly lockFile 845db40e-ngResource ngResource@*
35 error 404 Not Found
35 error 404
35 error 404 'ngResource' is not in the npm registry.
35 error 404 You should bug the author to publish it
35 error 404 It was specified as a dependency of 'proj1'
35 error 404
35 error 404 Note that you can also install from a
35 error 404 tarball, folder, or http url, or git url.
36 error System Windows_NT 6.1.7601
37 error command "C:\\Program Files\\nodejs\\\\node.exe" "C:\\Program Files\\nodejs\\node_modules\\npm\\bin\\npm-cli.js" "install"
38 error cwd C:\Users\Rick\CS454 NodeJS Class\project
39 error node -v v0.10.36
40 error npm -v 1.4.28
41 error code E404
42 verbose exit [ 1, true ]
